2023-06-15 21:46:02.831 [main] INFO  o.s.b.t.c.SpringBootTestContextBootstrapper - Neither @ContextConfiguration nor @ContextHierarchy found for test class [com.example.demo.controller.UserControllerTest], using SpringBootContextLoader
2023-06-15 21:46:02.838 [main] INFO  o.s.t.c.s.AbstractContextLoader - Could not detect default resource locations for test class [com.example.demo.controller.UserControllerTest]: no resource found for suffixes {-context.xml, Context.groovy}.
2023-06-15 21:46:02.838 [main] INFO  o.s.t.c.s.AnnotationConfigContextLoaderUtils - Could not detect default configuration classes for test class [com.example.demo.controller.UserControllerTest]: UserControllerTest does not declare any static, non-private, non-final, nested classes annotated with @Configuration.
2023-06-15 21:46:02.939 [main] INFO  o.s.b.t.c.SpringBootTestContextBootstrapper - Found @SpringBootConfiguration com.example.demo.SareetaApplication for test class com.example.demo.controller.UserControllerTest
2023-06-15 21:46:03.010 [main] INFO  o.s.b.t.c.SpringBootTestContextBootstrapper - Loaded default TestExecutionListener class names from location [META-INF/spring.factories]: [org.springframework.boot.test.mock.mockito.MockitoTestExecutionListener, org.springframework.boot.test.mock.mockito.ResetMocksTestExecutionListener, org.springframework.boot.test.autoconfigure.restdocs.RestDocsTestExecutionListener, org.springframework.boot.test.autoconfigure.web.client.MockRestServiceServerResetTestExecutionListener, org.springframework.boot.test.autoconfigure.web.servlet.MockMvcPrintOnlyOnFailureTestExecutionListener, org.springframework.boot.test.autoconfigure.web.servlet.WebDriverTestExecutionListener, org.springframework.test.context.web.ServletTestExecutionListener, org.springframework.test.context.support.DirtiesContextBeforeModesTestExecutionListener, org.springframework.test.context.support.DependencyInjectionTestExecutionListener, org.springframework.test.context.support.DirtiesContextTestExecutionListener, org.springframework.test.context.transaction.TransactionalTestExecutionListener, org.springframework.test.context.jdbc.SqlScriptsTestExecutionListener, org.springframework.security.test.context.support.WithSecurityContextTestExecutionListener, org.springframework.security.test.context.support.ReactorContextTestExecutionListener]
2023-06-15 21:46:03.024 [main] INFO  o.s.b.t.c.SpringBootTestContextBootstrapper - Using TestExecutionListeners: [org.springframework.test.context.web.ServletTestExecutionListener@3f1d2e23, org.springframework.test.context.support.DirtiesContextBeforeModesTestExecutionListener@536dbea0, org.springframework.boot.test.mock.mockito.MockitoTestExecutionListener@47c81abf, org.springframework.boot.test.autoconfigure.SpringBootDependencyInjectionTestExecutionListener@776a6d9b, org.springframework.test.context.support.DirtiesContextTestExecutionListener@21d03963, org.springframework.test.context.transaction.TransactionalTestExecutionListener@1f760b47, org.springframework.test.context.jdbc.SqlScriptsTestExecutionListener@18ece7f4, org.springframework.security.test.context.support.WithSecurityContextTestExecutionListener@3cce57c7, org.springframework.security.test.context.support.ReactorContextTestExecutionListener@1cf56a1c, org.springframework.boot.test.mock.mockito.ResetMocksTestExecutionListener@33f676f6, org.springframework.boot.test.autoconfigure.restdocs.RestDocsTestExecutionListener@4c5ae43b, org.springframework.boot.test.autoconfigure.web.client.MockRestServiceServerResetTestExecutionListener@264f218, org.springframework.boot.test.autoconfigure.web.servlet.MockMvcPrintOnlyOnFailureTestExecutionListener@3576ddc2, org.springframework.boot.test.autoconfigure.web.servlet.WebDriverTestExecutionListener@35b74c5c]
2023-06-15 21:46:03.693 [main] INFO  c.e.d.controller.UserControllerTest - Starting UserControllerTest on Vedran with PID 3020 (started by vedra in C:\Users\vedra\CODE\JAVA\Udacity\4.Devops\nd035-c4-Security-and-DevOps\starter_code)
2023-06-15 21:46:03.694 [main] INFO  c.e.d.controller.UserControllerTest - No active profile set, falling back to default profiles: default
2023-06-15 21:46:04.174 [main] INFO  o.s.d.r.c.RepositoryConfigurationDelegate - Bootstrapping Spring Data repositories in DEFAULT mode.
2023-06-15 21:46:04.239 [main] INFO  o.s.d.r.c.RepositoryConfigurationDelegate - Finished Spring Data repository scanning in 50ms. Found 4 repository interfaces.
2023-06-15 21:46:04.757 [main] INFO  o.s.c.s.PostProcessorRegistrationDelegate$BeanPostProcessorChecker - Bean 'org.springframework.transaction.annotation.ProxyTransactionManagementConfiguration' of type [org.springframework.transaction.annotation.ProxyTransactionManagementConfiguration$$EnhancerBySpringCGLIB$$ba63f56d] is not eligible for getting processed by all BeanPostProcessors (for example: not eligible for auto-proxying)
2023-06-15 21:46:05.244 [main] INFO  o.s.b.w.e.tomcat.TomcatWebServer - Tomcat initialized with port(s): 0 (http)
2023-06-15 21:46:05.262 [main] INFO  o.a.coyote.http11.Http11NioProtocol - Initializing ProtocolHandler ["http-nio-auto-1"]
2023-06-15 21:46:05.272 [main] INFO  o.a.catalina.core.StandardService - Starting service [Tomcat]
2023-06-15 21:46:05.272 [main] INFO  o.a.catalina.core.StandardEngine - Starting Servlet engine: [Apache Tomcat/9.0.19]
2023-06-15 21:46:05.403 [main] INFO  o.a.c.c.C.[Tomcat].[localhost].[/] - Initializing Spring embedded WebApplicationContext
2023-06-15 21:46:05.403 [main] INFO  o.s.web.context.ContextLoader - Root WebApplicationContext: initialization completed in 1688 ms
2023-06-15 21:46:05.653 [main] INFO  com.zaxxer.hikari.HikariDataSource - HikariPool-1 - Starting...
2023-06-15 21:46:05.791 [main] INFO  com.zaxxer.hikari.HikariDataSource - HikariPool-1 - Start completed.
2023-06-15 21:46:05.878 [main] INFO  o.h.jpa.internal.util.LogHelper - HHH000204: Processing PersistenceUnitInfo [
	name: default
	...]
2023-06-15 21:46:05.939 [main] INFO  org.hibernate.Version - HHH000412: Hibernate Core {5.3.10.Final}
2023-06-15 21:46:05.941 [main] INFO  org.hibernate.cfg.Environment - HHH000206: hibernate.properties not found
2023-06-15 21:46:05.989 [main] INFO  o.h.annotations.common.Version - HCANN000001: Hibernate Commons Annotations {5.0.4.Final}
2023-06-15 21:46:06.096 [main] INFO  org.hibernate.dialect.Dialect - HHH000400: Using dialect: org.hibernate.dialect.H2Dialect
2023-06-15 21:46:06.558 [main] INFO  o.s.o.j.LocalContainerEntityManagerFactoryBean - Initialized JPA EntityManagerFactory for persistence unit 'default'
2023-06-15 21:46:07.302 [main] WARN  o.s.b.a.o.j.JpaBaseConfiguration$JpaWebConfiguration$JpaWebMvcConfiguration - spring.jpa.open-in-view is enabled by default. Therefore, database queries may be performed during view rendering. Explicitly configure spring.jpa.open-in-view to disable this warning
2023-06-15 21:46:07.440 [main] INFO  o.s.s.web.DefaultSecurityFilterChain - Creating filter chain: any request, [org.springframework.security.web.context.request.async.WebAsyncManagerIntegrationFilter@2c8e096, org.springframework.security.web.context.SecurityContextPersistenceFilter@391b03b, org.springframework.security.web.header.HeaderWriterFilter@5cea47a1, org.springframework.web.filter.CorsFilter@3dabdd11, org.springframework.security.web.authentication.logout.LogoutFilter@590336ed, com.example.demo.security.JWTAuthenticationFilter@587bf2e1, com.example.demo.security.JWTAuthenticationVerificationFilter@6530a1de, org.springframework.security.web.savedrequest.RequestCacheAwareFilter@402c415e, org.springframework.security.web.servletapi.SecurityContextHolderAwareRequestFilter@28f3a218, org.springframework.security.web.authentication.AnonymousAuthenticationFilter@20b921be, org.springframework.security.web.session.SessionManagementFilter@451cef67, org.springframework.security.web.access.ExceptionTranslationFilter@3c862522, org.springframework.security.web.access.intercept.FilterSecurityInterceptor@4d22265c]
2023-06-15 21:46:07.705 [main] INFO  o.s.s.c.ThreadPoolTaskExecutor - Initializing ExecutorService 'applicationTaskExecutor'
2023-06-15 21:46:07.956 [main] INFO  o.a.coyote.http11.Http11NioProtocol - Starting ProtocolHandler ["http-nio-auto-1"]
2023-06-15 21:46:08.027 [main] INFO  o.s.b.w.e.tomcat.TomcatWebServer - Tomcat started on port(s): 65201 (http) with context path ''
2023-06-15 21:46:08.031 [main] INFO  c.e.d.controller.UserControllerTest - Started UserControllerTest in 4.499 seconds (JVM running for 5.672)
2023-06-15 21:46:08.060 [main] INFO  c.e.demo.controllers.UserController - CreateUser request successful for user: itsaMeMario
2023-06-15 21:46:08.070 [main] ERROR c.e.demo.controllers.UserController - CreateUser request failed: Username already exists.
2023-06-15 21:46:08.165 [http-nio-auto-1-exec-1] INFO  o.a.c.c.C.[Tomcat].[localhost].[/] - Initializing Spring DispatcherServlet 'dispatcherServlet'
2023-06-15 21:46:08.165 [http-nio-auto-1-exec-1] INFO  o.s.web.servlet.DispatcherServlet - Initializing Servlet 'dispatcherServlet'
2023-06-15 21:46:08.180 [http-nio-auto-1-exec-1] INFO  o.s.web.servlet.DispatcherServlet - Completed initialization in 15 ms
2023-06-15 21:46:08.280 [main] ERROR c.e.demo.controllers.UserController - CreateUser request failed: Password must be at least 7 characters and match the confirm password field.
2023-06-15 21:46:08.297 [main] ERROR c.e.demo.controllers.UserController - Exception caught while processing CreateUser request: Database error
2023-06-15 21:46:08.312 [Thread-3] INFO  o.s.s.c.ThreadPoolTaskExecutor - Shutting down ExecutorService 'applicationTaskExecutor'
2023-06-15 21:46:08.313 [Thread-3] INFO  o.s.o.j.LocalContainerEntityManagerFactoryBean - Closing JPA EntityManagerFactory for persistence unit 'default'
2023-06-15 21:46:08.315 [Thread-3] INFO  com.zaxxer.hikari.HikariDataSource - HikariPool-1 - Shutdown initiated...
2023-06-15 21:46:08.317 [Thread-3] INFO  com.zaxxer.hikari.HikariDataSource - HikariPool-1 - Shutdown completed.
