2023-06-16 14:06:59.215 [main] INFO  com.example.demo.SareetaApplication - Starting SareetaApplication on Vedran with PID 20120 (C:\Users\vedra\CODE\JAVA\Udacity\4.Devops\nd035-c4-Security-and-DevOps\starter_code\target\classes started by vedra in C:\Users\vedra\CODE\JAVA\Udacity\4.Devops\nd035-c4-Security-and-DevOps)
2023-06-16 14:06:59.219 [main] INFO  com.example.demo.SareetaApplication - No active profile set, falling back to default profiles: default
2023-06-16 14:07:00.118 [main] INFO  o.s.d.r.c.RepositoryConfigurationDelegate - Bootstrapping Spring Data repositories in DEFAULT mode.
2023-06-16 14:07:00.221 [main] INFO  o.s.d.r.c.RepositoryConfigurationDelegate - Finished Spring Data repository scanning in 92ms. Found 4 repository interfaces.
2023-06-16 14:07:00.984 [main] INFO  o.s.c.s.PostProcessorRegistrationDelegate$BeanPostProcessorChecker - Bean 'org.springframework.transaction.annotation.ProxyTransactionManagementConfiguration' of type [org.springframework.transaction.annotation.ProxyTransactionManagementConfiguration$$EnhancerBySpringCGLIB$$f3b0ca4] is not eligible for getting processed by all BeanPostProcessors (for example: not eligible for auto-proxying)
2023-06-16 14:07:01.496 [main] INFO  o.s.b.w.e.tomcat.TomcatWebServer - Tomcat initialized with port(s): 8080 (http)
2023-06-16 14:07:01.523 [main] INFO  o.a.coyote.http11.Http11NioProtocol - Initializing ProtocolHandler ["http-nio-8080"]
2023-06-16 14:07:01.535 [main] INFO  o.a.catalina.core.StandardService - Starting service [Tomcat]
2023-06-16 14:07:01.536 [main] INFO  o.a.catalina.core.StandardEngine - Starting Servlet engine: [Apache Tomcat/9.0.19]
2023-06-16 14:07:01.682 [main] INFO  o.a.c.c.C.[Tomcat].[localhost].[/] - Initializing Spring embedded WebApplicationContext
2023-06-16 14:07:01.682 [main] INFO  o.s.web.context.ContextLoader - Root WebApplicationContext: initialization completed in 2379 ms
2023-06-16 14:07:01.980 [main] INFO  com.zaxxer.hikari.HikariDataSource - HikariPool-1 - Starting...
2023-06-16 14:07:02.118 [main] INFO  com.zaxxer.hikari.HikariDataSource - HikariPool-1 - Start completed.
2023-06-16 14:07:02.199 [main] INFO  o.h.jpa.internal.util.LogHelper - HHH000204: Processing PersistenceUnitInfo [
	name: default
	...]
2023-06-16 14:07:02.315 [main] INFO  org.hibernate.Version - HHH000412: Hibernate Core {5.3.10.Final}
2023-06-16 14:07:02.316 [main] INFO  org.hibernate.cfg.Environment - HHH000206: hibernate.properties not found
2023-06-16 14:07:02.508 [main] INFO  o.h.annotations.common.Version - HCANN000001: Hibernate Commons Annotations {5.0.4.Final}
2023-06-16 14:07:02.635 [main] INFO  org.hibernate.dialect.Dialect - HHH000400: Using dialect: org.hibernate.dialect.H2Dialect
2023-06-16 14:07:03.260 [main] INFO  o.s.o.j.LocalContainerEntityManagerFactoryBean - Initialized JPA EntityManagerFactory for persistence unit 'default'
2023-06-16 14:07:04.060 [main] WARN  o.s.b.a.o.j.JpaBaseConfiguration$JpaWebConfiguration$JpaWebMvcConfiguration - spring.jpa.open-in-view is enabled by default. Therefore, database queries may be performed during view rendering. Explicitly configure spring.jpa.open-in-view to disable this warning
2023-06-16 14:07:04.159 [main] INFO  o.s.s.web.DefaultSecurityFilterChain - Creating filter chain: any request, [org.springframework.security.web.context.request.async.WebAsyncManagerIntegrationFilter@6baee63b, org.springframework.security.web.context.SecurityContextPersistenceFilter@7c47b0f8, org.springframework.security.web.header.HeaderWriterFilter@214e3185, org.springframework.web.filter.CorsFilter@1002b06d, org.springframework.security.web.authentication.logout.LogoutFilter@61d150af, com.example.demo.security.JWTAuthenticationFilter@234bfc8c, com.example.demo.security.JWTAuthenticationVerificationFilter@5008559a, org.springframework.security.web.savedrequest.RequestCacheAwareFilter@3d5f08d4, org.springframework.security.web.servletapi.SecurityContextHolderAwareRequestFilter@49741274, org.springframework.security.web.authentication.AnonymousAuthenticationFilter@4c0bfe9e, org.springframework.security.web.session.SessionManagementFilter@36f40d72, org.springframework.security.web.access.ExceptionTranslationFilter@4e31b64d, org.springframework.security.web.access.intercept.FilterSecurityInterceptor@478c84aa]
2023-06-16 14:07:04.366 [main] INFO  o.s.s.c.ThreadPoolTaskExecutor - Initializing ExecutorService 'applicationTaskExecutor'
2023-06-16 14:07:04.587 [main] INFO  o.a.coyote.http11.Http11NioProtocol - Starting ProtocolHandler ["http-nio-8080"]
2023-06-16 14:07:04.686 [main] INFO  o.s.b.w.e.tomcat.TomcatWebServer - Tomcat started on port(s): 8080 (http) with context path ''
2023-06-16 14:07:04.691 [main] INFO  com.example.demo.SareetaApplication - Started SareetaApplication in 5.848 seconds (JVM running for 6.42)
2023-06-16 14:07:08.066 [Thread-3] INFO  o.s.s.c.ThreadPoolTaskExecutor - Shutting down ExecutorService 'applicationTaskExecutor'
2023-06-16 14:07:08.068 [Thread-3] INFO  o.s.o.j.LocalContainerEntityManagerFactoryBean - Closing JPA EntityManagerFactory for persistence unit 'default'
2023-06-16 14:07:08.070 [Thread-3] INFO  com.zaxxer.hikari.HikariDataSource - HikariPool-1 - Shutdown initiated...
2023-06-16 14:07:08.073 [Thread-3] INFO  com.zaxxer.hikari.HikariDataSource - HikariPool-1 - Shutdown completed.
